------------------------------------------------------------------------------------------------------------------------

[2022-05-25 00:22:40 #1 store] 
Database 'C:\Users\tgold\Documents\Studium\KI-PR\ChessKI\db\game.odb' has been recovered (tr. 1-479)

[2022-05-25 00:22:40 #2 store] 
Database 'C:\Users\tgold\Documents\Studium\KI-PR\ChessKI\db\game.odb' is opened by 16744@LAPTOP-ETRR513P

[2022-05-25 00:22:40 #3 store] 
Configuration path: ?

[2022-05-25 00:22:40 #4 type] 
Type de.tu_berlin.pjki_server.game_engine.entities.AbstractPlayer is not enhanced.

[2022-05-25 00:22:40 #5 type] 
Type de.tu_berlin.pjki_server.game_engine.entities.Player is not enhanced.

[2022-05-25 00:22:40 #6 type] 
Type de.tu_berlin.pjki_server.game_engine.AbstractGame is not enhanced.

[2022-05-25 00:22:40 #7 type] 
Type de.tu_berlin.pjki_server.KingOfTheHill is not enhanced.

------------------------------------------------------------------------------------------------------------------------

[2022-05-25 09:20:00 #1 store] 
Database 'C:\Users\tgold\Documents\Studium\KI-PR\ChessKI\db\game.odb' has been recovered (tr. 480-482)

[2022-05-25 09:20:00 #2 store] 
Database 'C:\Users\tgold\Documents\Studium\KI-PR\ChessKI\db\game.odb' is opened by 11876@LAPTOP-ETRR513P

[2022-05-25 09:20:00 #3 store] 
Configuration path: ?

[2022-05-25 09:20:00 #4 type] 
Type de.tu_berlin.pjki_server.game_engine.entities.AbstractPlayer is not enhanced.

[2022-05-25 09:20:00 #5 type] 
Type de.tu_berlin.pjki_server.game_engine.entities.Player is not enhanced.

[2022-05-25 09:20:00 #6 type] 
Type de.tu_berlin.pjki_server.game_engine.AbstractGame is not enhanced.

[2022-05-25 09:20:00 #7 type] 
Type de.tu_berlin.pjki_server.KingOfTheHill is not enhanced.

------------------------------------------------------------------------------------------------------------------------

[2022-05-25 09:53:55 #1 store] 
Database 'C:\Users\tgold\Documents\Studium\KI-PR\ChessKI\db\game.odb' is opened by 17888@LAPTOP-ETRR513P

[2022-05-25 09:53:55 #2 store] 
Configuration path: ?

[2022-05-25 09:53:55 #3 type.registry] 
New type de.tu_berlin.pjki_server.game_engine.Observer

[2022-05-25 09:53:55 #4 type.registry] 
New type de.tu_berlin.pjki_server.game_engine.entities.AbstractPlayer

[2022-05-25 09:53:55 #5 type.registry] 
New type de.tu_berlin.pjki_server.game_engine.entities.Player

[2022-05-25 09:53:55 #6 type] 
Type de.tu_berlin.pjki_server.game_engine.entities.AbstractPlayer is not enhanced.

[2022-05-25 09:53:55 #7 type] 
Type de.tu_berlin.pjki_server.game_engine.entities.Player is not enhanced.

[2022-05-25 09:53:55 #8 type.registry] 
New type de.tu_berlin.pjki_server.server_interface.GameServerEndpoint

[2022-05-25 09:53:55 #9 type.registry] 
New type javax.websocket.Session

[2022-05-25 09:53:55 #10 type.registry] 
New type de.tu_berlin.pjki_server.game_engine.Subject

[2022-05-25 09:53:55 #11 type.registry] 
New type com.google.gson.JsonSerializer

[2022-05-25 09:53:55 #12 type.registry] 
New type de.tu_berlin.pjki_server.game_engine.AbstractGame

[2022-05-25 09:53:55 #13 type.registry] 
New type de.tu_berlin.pjki_server.KingOfTheHill

[2022-05-25 09:53:55 #14 type] 
Type de.tu_berlin.pjki_server.game_engine.AbstractGame is not enhanced.

[2022-05-25 09:53:55 #15 type.registry] 
New type de.tu_berlin.pjki_server.game_engine.State

[2022-05-25 09:53:55 #16 type.registry] 
New type java.util.logging.Logger

[2022-05-25 09:53:55 #17 type] 
Type de.tu_berlin.pjki_server.KingOfTheHill is not enhanced.

[2022-05-25 09:53:55 #18 type.registry] 
New type com.github.bhlangonijr.chesslib.BoardEvent

[2022-05-25 09:53:55 #19 type.registry] 
New type com.github.bhlangonijr.chesslib.Board

[2022-05-25 09:53:55 #20 type.registry] 
New type java.util.ArrayList<java.lang.Object>

[2022-05-25 09:53:55 #21 type.registry] 
New type java.util.ArrayList<de.tu_berlin.pjki_server.game_engine.entities.AbstractPlayer>

[2022-05-25 09:53:55 #22 type.registry] 
New type java.util.ArrayList<java.lang.String>

------------------------------------------------------------------------------------------------------------------------

[2022-05-25 10:01:49 #1 store] 
Database 'C:\Users\tgold\Documents\Studium\KI-PR\ChessKI\db\game.odb' is opened by 30172@LAPTOP-ETRR513P

[2022-05-25 10:01:49 #2 store] 
Configuration path: ?

[2022-05-25 10:01:49 #3 type.registry] 
New type de.tu_berlin.pjki_server.game_engine.Observer

[2022-05-25 10:01:49 #4 type.registry] 
New type de.tu_berlin.pjki_server.game_engine.entities.AbstractPlayer

[2022-05-25 10:01:49 #5 type.registry] 
New type de.tu_berlin.pjki_server.game_engine.entities.Player

[2022-05-25 10:01:49 #6 type] 
Type de.tu_berlin.pjki_server.game_engine.entities.AbstractPlayer is not enhanced.

[2022-05-25 10:01:49 #7 type] 
Type de.tu_berlin.pjki_server.game_engine.entities.Player is not enhanced.

[2022-05-25 10:01:49 #8 type.registry] 
New type de.tu_berlin.pjki_server.server_interface.GameServerEndpoint

[2022-05-25 10:01:49 #9 type.registry] 
New type javax.websocket.Session

[2022-05-25 10:01:49 #10 type.registry] 
New type de.tu_berlin.pjki_server.game_engine.Subject

[2022-05-25 10:01:49 #11 type.registry] 
New type com.google.gson.JsonSerializer

[2022-05-25 10:01:49 #12 type.registry] 
New type de.tu_berlin.pjki_server.game_engine.AbstractGame

[2022-05-25 10:01:49 #13 type.registry] 
New type de.tu_berlin.pjki_server.KingOfTheHill

[2022-05-25 10:01:49 #14 type] 
Type de.tu_berlin.pjki_server.game_engine.AbstractGame is not enhanced.

[2022-05-25 10:01:49 #15 type.registry] 
New type de.tu_berlin.pjki_server.game_engine.State

[2022-05-25 10:01:49 #16 type.registry] 
New type java.util.logging.Logger

[2022-05-25 10:01:49 #17 type] 
Type de.tu_berlin.pjki_server.KingOfTheHill is not enhanced.

[2022-05-25 10:01:49 #18 type.registry] 
New type com.github.bhlangonijr.chesslib.BoardEvent

[2022-05-25 10:01:49 #19 type.registry] 
New type com.github.bhlangonijr.chesslib.Board

[2022-05-25 10:01:49 #20 type.registry] 
New type java.util.ArrayList<java.lang.Object>

[2022-05-25 10:01:49 #21 type.registry] 
New type java.util.ArrayList<de.tu_berlin.pjki_server.game_engine.entities.AbstractPlayer>

[2022-05-25 10:01:49 #22 type.registry] 
New type java.util.ArrayList<java.lang.String>

------------------------------------------------------------------------------------------------------------------------

[2022-05-25 10:13:01 #1 store] 
Database 'C:\Users\tgold\Documents\Studium\KI-PR\ChessKI\db\game.odb' is opened by 24220@LAPTOP-ETRR513P

[2022-05-25 10:13:01 #2 store] 
Configuration path: ?

[2022-05-25 10:13:02 #3 type.registry] 
New type de.tu_berlin.pjki_server.game_engine.Observer

[2022-05-25 10:13:02 #4 type.registry] 
New type de.tu_berlin.pjki_server.game_engine.entities.AbstractPlayer

[2022-05-25 10:13:02 #5 type.registry] 
New type de.tu_berlin.pjki_server.game_engine.entities.Player

[2022-05-25 10:13:02 #6 type] 
Type de.tu_berlin.pjki_server.game_engine.entities.AbstractPlayer is not enhanced.

[2022-05-25 10:13:02 #7 type] 
Type de.tu_berlin.pjki_server.game_engine.entities.Player is not enhanced.

[2022-05-25 10:13:02 #8 type.registry] 
New type de.tu_berlin.pjki_server.server_interface.GameServerEndpoint

[2022-05-25 10:13:02 #9 type.registry] 
New type javax.websocket.Session

[2022-05-25 10:13:02 #10 type.registry] 
New type de.tu_berlin.pjki_server.game_engine.Subject

[2022-05-25 10:13:02 #11 type.registry] 
New type com.google.gson.JsonSerializer

[2022-05-25 10:13:02 #12 type.registry] 
New type de.tu_berlin.pjki_server.game_engine.AbstractGame

[2022-05-25 10:13:02 #13 type.registry] 
New type de.tu_berlin.pjki_server.KingOfTheHill

[2022-05-25 10:13:02 #14 type] 
Type de.tu_berlin.pjki_server.game_engine.AbstractGame is not enhanced.

[2022-05-25 10:13:02 #15 type.registry] 
New type de.tu_berlin.pjki_server.game_engine.State

[2022-05-25 10:13:02 #16 type.registry] 
New type java.util.logging.Logger

[2022-05-25 10:13:02 #17 type] 
Type de.tu_berlin.pjki_server.KingOfTheHill is not enhanced.

[2022-05-25 10:13:02 #18 type.registry] 
New type com.github.bhlangonijr.chesslib.BoardEvent

[2022-05-25 10:13:02 #19 type.registry] 
New type com.github.bhlangonijr.chesslib.Board

[2022-05-25 10:13:02 #20 type.registry] 
New type java.util.ArrayList<java.lang.Object>

[2022-05-25 10:13:02 #21 type.registry] 
New type java.util.ArrayList<de.tu_berlin.pjki_server.game_engine.entities.AbstractPlayer>

[2022-05-25 10:13:02 #22 type.registry] 
New type java.util.ArrayList<java.lang.String>

------------------------------------------------------------------------------------------------------------------------

[2022-05-25 10:25:45 #1 store] 
Database 'C:\Users\tgold\Documents\Studium\KI-PR\ChessKI\db\game.odb' is opened by 19320@LAPTOP-ETRR513P

[2022-05-25 10:25:45 #2 store] 
Configuration path: ?

[2022-05-25 10:25:45 #3 type.registry] 
New type de.tu_berlin.pjki_server.game_engine.Observer

[2022-05-25 10:25:45 #4 type.registry] 
New type de.tu_berlin.pjki_server.game_engine.entities.AbstractPlayer

[2022-05-25 10:25:45 #5 type.registry] 
New type de.tu_berlin.pjki_server.game_engine.entities.Player

[2022-05-25 10:25:45 #6 type] 
Type de.tu_berlin.pjki_server.game_engine.entities.AbstractPlayer is not enhanced.

[2022-05-25 10:25:45 #7 type] 
Type de.tu_berlin.pjki_server.game_engine.entities.Player is not enhanced.

[2022-05-25 10:25:45 #8 type.registry] 
New type de.tu_berlin.pjki_server.server_interface.GameServerEndpoint

[2022-05-25 10:25:45 #9 type.registry] 
New type javax.websocket.Session

[2022-05-25 10:25:45 #10 type.registry] 
New type de.tu_berlin.pjki_server.game_engine.Subject

[2022-05-25 10:25:45 #11 type.registry] 
New type com.google.gson.JsonSerializer

[2022-05-25 10:25:45 #12 type.registry] 
New type de.tu_berlin.pjki_server.game_engine.AbstractGame

[2022-05-25 10:25:45 #13 type.registry] 
New type de.tu_berlin.pjki_server.KingOfTheHill

[2022-05-25 10:25:45 #14 type] 
Type de.tu_berlin.pjki_server.game_engine.AbstractGame is not enhanced.

[2022-05-25 10:25:45 #15 type.registry] 
New type de.tu_berlin.pjki_server.game_engine.State

[2022-05-25 10:25:45 #16 type.registry] 
New type java.util.logging.Logger

[2022-05-25 10:25:45 #17 type] 
Type de.tu_berlin.pjki_server.KingOfTheHill is not enhanced.

[2022-05-25 10:25:45 #18 type.registry] 
New type com.github.bhlangonijr.chesslib.BoardEvent

[2022-05-25 10:25:45 #19 type.registry] 
New type com.github.bhlangonijr.chesslib.Board

[2022-05-25 10:25:45 #20 type.registry] 
New type java.util.ArrayList<java.lang.Object>

[2022-05-25 10:25:45 #21 type.registry] 
New type java.util.ArrayList<de.tu_berlin.pjki_server.game_engine.entities.AbstractPlayer>

[2022-05-25 10:25:45 #22 type.registry] 
New type java.util.ArrayList<java.lang.String>

