------------------------------------------------------------------------------------------------------------------------

[2022-05-19 19:13:35 #1 store] 
Database 'C:\Users\tgold\Documents\Studium\KI-PR\ChessKI\db\game.odb' is opened by 14784@LAPTOP-ETRR513P

[2022-05-19 19:13:35 #2 store] 
Configuration path: ?

[2022-05-19 19:13:35 #3 type.registry] 
New type de.tu_berlin.pjki_server.game_engine.Observer

[2022-05-19 19:13:35 #4 type.registry] 
New type de.tu_berlin.pjki_server.game_engine.entities.AbstractPlayer

[2022-05-19 19:13:35 #5 type.registry] 
New type de.tu_berlin.pjki_server.game_engine.entities.Player

[2022-05-19 19:13:35 #6 type] 
Type de.tu_berlin.pjki_server.game_engine.entities.AbstractPlayer is not enhanced.

[2022-05-19 19:13:35 #7 type] 
Type de.tu_berlin.pjki_server.game_engine.entities.Player is not enhanced.

[2022-05-19 19:13:35 #8 type.registry] 
New type de.tu_berlin.pjki_server.server_interface.GameServerEndpoint

[2022-05-19 19:13:35 #9 type.registry] 
New type javax.websocket.Session

[2022-05-19 19:13:35 #10 type.registry] 
New type de.tu_berlin.pjki_server.game_engine.Subject

[2022-05-19 19:13:35 #11 type.registry] 
New type com.google.gson.JsonSerializer

[2022-05-19 19:13:35 #12 type.registry] 
New type de.tu_berlin.pjki_server.game_engine.AbstractGame

[2022-05-19 19:13:35 #13 type.registry] 
New type de.tu_berlin.pjki_server.KingOfTheHill

[2022-05-19 19:13:35 #14 type] 
Type de.tu_berlin.pjki_server.game_engine.AbstractGame is not enhanced.

[2022-05-19 19:13:35 #15 type.registry] 
New type de.tu_berlin.pjki_server.game_engine.State

[2022-05-19 19:13:35 #16 type.registry] 
New type java.util.logging.Logger

[2022-05-19 19:13:35 #17 type] 
Type de.tu_berlin.pjki_server.KingOfTheHill is not enhanced.

[2022-05-19 19:13:35 #18 type.registry] 
New type com.github.bhlangonijr.chesslib.BoardEvent

[2022-05-19 19:13:35 #19 type.registry] 
New type com.github.bhlangonijr.chesslib.Board

[2022-05-19 19:13:35 #20 type.registry] 
New type java.util.ArrayList<java.lang.Object>

[2022-05-19 19:13:35 #21 type.registry] 
New type java.util.ArrayList<de.tu_berlin.pjki_server.game_engine.entities.AbstractPlayer>

[2022-05-19 19:13:35 #22 type.registry] 
New type java.util.ArrayList<java.lang.String>

------------------------------------------------------------------------------------------------------------------------

[2022-05-19 19:16:49 #1 store] 
Database 'C:\Users\tgold\Documents\Studium\KI-PR\ChessKI\db\game.odb' is opened by 5140@LAPTOP-ETRR513P

[2022-05-19 19:16:49 #2 store] 
Configuration path: ?

[2022-05-19 19:16:49 #3 type.registry] 
New type de.tu_berlin.pjki_server.game_engine.Observer

[2022-05-19 19:16:49 #4 type.registry] 
New type de.tu_berlin.pjki_server.game_engine.entities.AbstractPlayer

[2022-05-19 19:16:49 #5 type.registry] 
New type de.tu_berlin.pjki_server.game_engine.entities.Player

[2022-05-19 19:16:49 #6 type] 
Type de.tu_berlin.pjki_server.game_engine.entities.AbstractPlayer is not enhanced.

[2022-05-19 19:16:49 #7 type] 
Type de.tu_berlin.pjki_server.game_engine.entities.Player is not enhanced.

[2022-05-19 19:16:49 #8 type.registry] 
New type de.tu_berlin.pjki_server.server_interface.GameServerEndpoint

[2022-05-19 19:16:49 #9 type.registry] 
New type javax.websocket.Session

[2022-05-19 19:16:49 #10 type.registry] 
New type de.tu_berlin.pjki_server.game_engine.Subject

[2022-05-19 19:16:49 #11 type.registry] 
New type com.google.gson.JsonSerializer

[2022-05-19 19:16:49 #12 type.registry] 
New type de.tu_berlin.pjki_server.game_engine.AbstractGame

[2022-05-19 19:16:49 #13 type.registry] 
New type de.tu_berlin.pjki_server.KingOfTheHill

[2022-05-19 19:16:49 #14 type] 
Type de.tu_berlin.pjki_server.game_engine.AbstractGame is not enhanced.

[2022-05-19 19:16:49 #15 type.registry] 
New type de.tu_berlin.pjki_server.game_engine.State

[2022-05-19 19:16:49 #16 type.registry] 
New type java.util.logging.Logger

[2022-05-19 19:16:49 #17 type] 
Type de.tu_berlin.pjki_server.KingOfTheHill is not enhanced.

[2022-05-19 19:16:49 #18 type.registry] 
New type com.github.bhlangonijr.chesslib.BoardEvent

[2022-05-19 19:16:49 #19 type.registry] 
New type com.github.bhlangonijr.chesslib.Board

[2022-05-19 19:16:49 #20 type.registry] 
New type java.util.ArrayList<java.lang.Object>

[2022-05-19 19:16:49 #21 type.registry] 
New type java.util.ArrayList<de.tu_berlin.pjki_server.game_engine.entities.AbstractPlayer>

[2022-05-19 19:16:49 #22 type.registry] 
New type java.util.ArrayList<java.lang.String>

